Using pre-set license
Built from '2020.3/staging' branch; Version is '2020.3.4f1 (0abb6314276a) revision 703331'; Using compiler version '192528614'; Build Type 'Release'
OS: 'Windows 10 Home; OS build 19042.928; Version 2009; 64bit' Language: 'en' Physical Memory: 16308 MB
BatchMode: 1, IsHumanControllingUs: 0, StartBugReporterOnCrash: 0, Is64bit: 1, IsPro: 0

 COMMAND LINE ARGUMENTS:
C:\Program Files\Unity\Hub\Editor\2020.3.4f1\Editor\Unity.exe
-adb2
-batchMode
-noUpm
-name
AssetImportWorker0
-projectPath
C:/Users/T.Siller/Downloads/Mars Prototype v4.2
-logFile
Logs/AssetImportWorker0.log
-srvPort
57975
Successfully changed project path to: C:/Users/T.Siller/Downloads/Mars Prototype v4.2
C:/Users/T.Siller/Downloads/Mars Prototype v4.2
Using Asset Import Pipeline V2.
Refreshing native plugins compatible for Editor in 75.97 ms, found 0 plugins.
Preloading 0 native plugins for Editor in 0.00 ms.
Initialize engine version: 2020.3.4f1 (0abb6314276a)
[Subsystems] Discovering subsystems at path C:/Program Files/Unity/Hub/Editor/2020.3.4f1/Editor/Data/Resources/UnitySubsystems
[Subsystems] Discovering subsystems at path C:/Users/T.Siller/Downloads/Mars Prototype v4.2/Assets
GfxDevice: creating device client; threaded=0
Direct3D:
    Version:  Direct3D 11.0 [level 11.1]
    Renderer: NVIDIA GeForce GTX 1070 (ID=0x1b81)
    Vendor:   
    VRAM:     8088 MB
    Driver:   27.21.14.6611
Initialize mono
Mono path[0] = 'C:/Program Files/Unity/Hub/Editor/2020.3.4f1/Editor/Data/Managed'
Mono path[1] = 'C:/Program Files/Unity/Hub/Editor/2020.3.4f1/Editor/Data/MonoBleedingEdge/lib/mono/unityjit'
Mono config path = 'C:/Program Files/Unity/Hub/Editor/2020.3.4f1/Editor/Data/MonoBleedingEdge/etc'
Using monoOptions --debugger-agent=transport=dt_socket,embedding=1,server=y,suspend=n,address=127.0.0.1:56300
Begin MonoManager ReloadAssembly
Registering precompiled unity dll's ...
Register platform support module: C:/Program Files/Unity/Hub/Editor/2020.3.4f1/Editor/Data/PlaybackEngines/WindowsStandaloneSupport/UnityEditor.WindowsStandalone.Extensions.dll
Registered in 0.002043 seconds.
Native extension for WindowsStandalone target not found
Refreshing native plugins compatible for Editor in 67.33 ms, found 0 plugins.
Preloading 0 native plugins for Editor in 0.00 ms.
Mono: successfully reloaded assembly
- Completed reload, in  1.132 seconds
Platform modules already initialized, skipping
Registering precompiled user dll's ...
Registered in 0.002167 seconds.
Begin MonoManager ReloadAssembly
Native extension for WindowsStandalone target not found
Refreshing native plugins compatible for Editor in 88.49 ms, found 0 plugins.
Preloading 0 native plugins for Editor in 0.00 ms.
Mono: successfully reloaded assembly
- Completed reload, in  1.293 seconds
Platform modules already initialized, skipping
========================================================================
Worker process is ready to serve import requests
Launched and connected shader compiler UnityShaderCompiler.exe after 0.04 seconds
Refreshing native plugins compatible for Editor in 1.56 ms, found 0 plugins.
Preloading 0 native plugins for Editor in 0.00 ms.
Unloading 3619 Unused Serialized files (Serialized files now loaded: 0)
System memory in use before: 179.3 MB.
System memory in use after: 179.5 MB.

Unloading 11 unused Assets to reduce memory usage. Loaded Objects now: 4068.
Total: 5.711000 ms (FindLiveObjects: 0.738500 ms CreateObjectMapping: 0.455800 ms MarkObjects: 4.394500 ms  DeleteObjects: 0.120100 ms)

========================================================================
Received Import Request.
  path: Assets/Mars.unity
  artifactKey: Guid(0c3c3e26c8e40a04995fb98ae8b503d5) Importer(815301076,1909f56bfc062723c751e8b465ee728b)
Start importing Assets/Mars.unity using Guid(0c3c3e26c8e40a04995fb98ae8b503d5) Importer(815301076,1909f56bfc062723c751e8b465ee728b)  -> (artifact id: 'eca85625375e3985cb2173b829d7c013') in 0.032242 seconds
  Import took 0.045844 seconds .

========================================================================
Received Prepare
Registering precompiled user dll's ...
Registered in 0.001488 seconds.
Begin MonoManager ReloadAssembly
Native extension for WindowsStandalone target not found
Refreshing native plugins compatible for Editor in 0.50 ms, found 0 plugins.
Preloading 0 native plugins for Editor in 0.00 ms.
Mono: successfully reloaded assembly
- Completed reload, in  1.029 seconds
Platform modules already initialized, skipping
Refreshing native plugins compatible for Editor in 0.68 ms, found 0 plugins.
Preloading 0 native plugins for Editor in 0.00 ms.
Unloading 3320 Unused Serialized files (Serialized files now loaded: 0)
System memory in use before: 162.3 MB.
System memory in use after: 162.6 MB.

Unloading 6 unused Assets to reduce memory usage. Loaded Objects now: 4071.
Total: 4.441600 ms (FindLiveObjects: 0.544400 ms CreateObjectMapping: 0.341100 ms MarkObjects: 3.517600 ms  DeleteObjects: 0.036400 ms)

========================================================================
Received Prepare
Registering precompiled user dll's ...
Registered in 0.001602 seconds.
Begin MonoManager ReloadAssembly
Native extension for WindowsStandalone target not found
Refreshing native plugins compatible for Editor in 0.53 ms, found 0 plugins.
Preloading 0 native plugins for Editor in 0.00 ms.
Mono: successfully reloaded assembly
- Completed reload, in  1.160 seconds
Platform modules already initialized, skipping
Refreshing native plugins compatible for Editor in 0.51 ms, found 0 plugins.
Preloading 0 native plugins for Editor in 0.00 ms.
Unloading 3320 Unused Serialized files (Serialized files now loaded: 0)
System memory in use before: 162.4 MB.
System memory in use after: 162.6 MB.

Unloading 6 unused Assets to reduce memory usage. Loaded Objects now: 4074.
Total: 2.568300 ms (FindLiveObjects: 0.294600 ms CreateObjectMapping: 0.161700 ms MarkObjects: 2.094200 ms  DeleteObjects: 0.017200 ms)

========================================================================
Received Prepare
Registering precompiled user dll's ...
Registered in 0.001949 seconds.
Begin MonoManager ReloadAssembly
Native extension for WindowsStandalone target not found
Refreshing native plugins compatible for Editor in 0.53 ms, found 0 plugins.
Preloading 0 native plugins for Editor in 0.00 ms.
Mono: successfully reloaded assembly
- Completed reload, in  0.985 seconds
Platform modules already initialized, skipping
Refreshing native plugins compatible for Editor in 0.50 ms, found 0 plugins.
Preloading 0 native plugins for Editor in 0.00 ms.
Unloading 3320 Unused Serialized files (Serialized files now loaded: 0)
System memory in use before: 162.4 MB.
System memory in use after: 162.7 MB.

Unloading 6 unused Assets to reduce memory usage. Loaded Objects now: 4077.
Total: 2.622400 ms (FindLiveObjects: 0.294600 ms CreateObjectMapping: 0.233900 ms MarkObjects: 2.068300 ms  DeleteObjects: 0.024800 ms)

========================================================================
Received Prepare
Registering precompiled user dll's ...
Registered in 0.001530 seconds.
Begin MonoManager ReloadAssembly
Native extension for WindowsStandalone target not found
Refreshing native plugins compatible for Editor in 1.08 ms, found 0 plugins.
Preloading 0 native plugins for Editor in 0.00 ms.
Mono: successfully reloaded assembly
- Completed reload, in  1.214 seconds
Platform modules already initialized, skipping
Refreshing native plugins compatible for Editor in 0.57 ms, found 0 plugins.
Preloading 0 native plugins for Editor in 0.00 ms.
Unloading 3320 Unused Serialized files (Serialized files now loaded: 0)
System memory in use before: 162.5 MB.
System memory in use after: 162.7 MB.

Unloading 6 unused Assets to reduce memory usage. Loaded Objects now: 4080.
Total: 2.407000 ms (FindLiveObjects: 0.311500 ms CreateObjectMapping: 0.180700 ms MarkObjects: 1.898000 ms  DeleteObjects: 0.015700 ms)

========================================================================
Received Prepare
Refreshing native plugins compatible for Editor in 1.60 ms, found 0 plugins.
Preloading 0 native plugins for Editor in 0.00 ms.
Unloading 3 Unused Serialized files (Serialized files now loaded: 0)
System memory in use before: 96.9 MB.
System memory in use after: 97.2 MB.

Unloading 3 unused Assets to reduce memory usage. Loaded Objects now: 4080.
Total: 3.069600 ms (FindLiveObjects: 0.505100 ms CreateObjectMapping: 0.277700 ms MarkObjects: 2.272300 ms  DeleteObjects: 0.013500 ms)

AssetImportWorkerClient::OnTransportError - code=2 error=End of file
